{"name": "test_create_build_type", "status": "failed", "statusDetails": {"message": "AssertionError: Project creation failed\nassert 403 == 200\n +  where 403 = <Response [403]>.status_code", "trace": "self = <tests.test_build_config.TestBuildConfig object at 0x104cfda00>\n\n    @allure.story(\"User can create Build Type\")\n    @allure.description(\"User should be able to create build type\")\n    @pytest.mark.regression\n    @pytest.mark.positive\n    @pytest.mark.crud\n    def test_create_build_type(self):\n        with allure.step(\"Create user\"):\n            user_response = self.create_user(f\"user_{int(time.time())}\", \"pass123\")\n            assert user_response.status_code == 200, f\"User creation failed: {user_response.text}\"  # Исправляем на 200\n            user_auth = self.specs.auth_spec(User(username=user_response.json()[\"username\"], password=\"pass123\"))\n    \n        with allure.step(\"Create project by user\"):\n            project_id = f\"project_{int(time.time())}\"\n            project_response = self.create_project(project_id, user_auth)\n>           assert project_response.status_code == 200, \"Project creation failed\"\nE           AssertionError: Project creation failed\nE           assert 403 == 200\nE            +  where 403 = <Response [403]>.status_code\n\ntests/test_build_config.py:26: AssertionError"}, "description": "User should be able to create build type", "steps": [{"name": "Create user", "status": "passed", "start": 1740479133842, "stop": 1740479133923}, {"name": "Create project by user", "status": "failed", "statusDetails": {"message": "AssertionError: Project creation failed\nassert 403 == 200\n +  where 403 = <Response [403]>.status_code\n", "trace": "  File \"/Users/mihailkulibaba/Desktop/work/side_task/wtf/M2_API/teamcity_api_tests/tests/test_build_config.py\", line 26, in test_create_build_type\n    assert project_response.status_code == 200, \"Project creation failed\"\n"}, "start": 1740479133923, "stop": 1740479134098}], "start": 1740479133842, "stop": 1740479134098, "uuid": "2bbd27ed-3b03-4cdb-9ed3-cd83f76a1e0e", "historyId": "6a40392c881f6d7333f6ce356278e379", "testCaseId": "6a40392c881f6d7333f6ce356278e379", "fullName": "tests.test_build_config.TestBuildConfig#test_create_build_type", "labels": [{"name": "epic", "value": "Build Configuration"}, {"name": "feature", "value": "Create Build Type"}, {"name": "story", "value": "User can create Build Type"}, {"name": "tag", "value": "crud"}, {"name": "tag", "value": "positive"}, {"name": "tag", "value": "regression"}, {"name": "parentSuite", "value": "tests"}, {"name": "suite", "value": "test_build_config"}, {"name": "subSuite", "value": "TestBuildConfig"}, {"name": "host", "value": "MacBook-Air-Mihail.local"}, {"name": "thread", "value": "70263-MainThread"}, {"name": "framework", "value": "pytest"}, {"name": "language", "value": "cpython3"}, {"name": "package", "value": "tests.test_build_config"}]}