{"name": "test_admin_create_build_type_in_foreign_project", "status": "failed", "statusDetails": {"message": "AssertionError: Failed to clear user2 roles: Responding with error, status code: 400 (Bad Request).\n  Details: jetbrains.buildServer.server.rest.errors.BadRequestException: Setting field 'roles' to 'null' is not supported. Supported fields are: name, email, password\n  Invalid request. Please check the request URL and data are correct.\nassert 400 in [200, 204]\n +  where 400 = <Response [400]>.status_code", "trace": "self = <tests.test_build_config.TestBuildConfig object at 0x1065d41f0>\n\n    @allure.story(\"Project Admin cannot create Build Type in another project\")\n    @allure.description(\"Project admin should not be able to create build type for not their project\")\n    @pytest.mark.regression\n    @pytest.mark.negative\n    @pytest.mark.roles\n    def test_admin_create_build_type_in_foreign_project(self):\n        unique_time = int(time.time() * 1000) + random.randint(1, 1000)\n        with allure.step(\"Create user1 (admin)\"):\n            admin1_response = self.create_user(f\"admin1_{unique_time}\", \"admin123\", role=\"\")\n            assert admin1_response.status_code == 200, f\"Admin1 creation failed: {admin1_response.text}\"\n            admin1_id = admin1_response.json()[\"id\"]\n            admin1_auth = self.specs.auth_spec(User(username=admin1_response.json()[\"username\"], password=\"admin123\"))\n    \n        with allure.step(\"Create project1 by admin\"):\n            project1_id = f\"project1_{unique_time}\"\n            project1_response = self.create_project(project1_id, self.auth_spec)\n            assert project1_response.status_code == 200, f\"Project1 creation failed: {project1_response.text}\"\n    \n        with allure.step(\"Grant user1 PROJECT_ADMIN role in project1\"):\n            role1_response = self.grant_role(admin1_id, project1_id, \"PROJECT_ADMIN\")\n            assert role1_response.status_code == 200, f\"Role assignment for user1 failed: {role1_response.text}\"\n    \n        with allure.step(\"Create user2\"):\n            admin2_response = self.create_user(f\"admin2_{unique_time + 1}\", \"admin456\", role=\"\")\n            assert admin2_response.status_code == 200, f\"Admin2 creation failed: {admin2_response.text}\"\n            admin2_id = admin2_response.json()[\"id\"]\n            admin2_auth = self.specs.auth_spec(User(username=admin2_response.json()[\"username\"], password=\"admin456\"))\n    \n        with allure.step(\"Clear user2 roles to ensure no default permissions\"):\n            clear_response = self.clear_user_roles(admin2_id)\n>           assert clear_response.status_code in [200, 204], f\"Failed to clear user2 roles: {clear_response.text}\"\nE           AssertionError: Failed to clear user2 roles: Responding with error, status code: 400 (Bad Request).\nE             Details: jetbrains.buildServer.server.rest.errors.BadRequestException: Setting field 'roles' to 'null' is not supported. Supported fields are: name, email, password\nE             Invalid request. Please check the request URL and data are correct.\nE           assert 400 in [200, 204]\nE            +  where 400 = <Response [400]>.status_code\n\ntests/test_build_config.py:131: AssertionError"}, "description": "Project admin should not be able to create build type for not their project", "steps": [{"name": "Create user1 (admin)", "status": "passed", "start": 1740482659325, "stop": 1740482659356}, {"name": "Create project1 by admin", "status": "passed", "start": 1740482659357, "stop": 1740482659381}, {"name": "Grant user1 PROJECT_ADMIN role in project1", "status": "passed", "start": 1740482659381, "stop": 1740482659399}, {"name": "Create user2", "status": "passed", "start": 1740482659399, "stop": 1740482659426}, {"name": "Clear user2 roles to ensure no default permissions", "status": "failed", "statusDetails": {"message": "AssertionError: Failed to clear user2 roles: Responding with error, status code: 400 (Bad Request).\n  Details: jetbrains.buildServer.server.rest.errors.BadRequestException: Setting field 'roles' to 'null' is not supported. Supported fields are: name, email, password\n  Invalid request. Please check the request URL and data are correct.\nassert 400 in [200, 204]\n +  where 400 = <Response [400]>.status_code\n", "trace": "  File \"/Users/mihailkulibaba/Desktop/work/side_task/wtf/M2_API/teamcity_api_tests/tests/test_build_config.py\", line 131, in test_admin_create_build_type_in_foreign_project\n    assert clear_response.status_code in [200, 204], f\"Failed to clear user2 roles: {clear_response.text}\"\n"}, "start": 1740482659426, "stop": 1740482659443}], "start": 1740482659325, "stop": 1740482659443, "uuid": "cdb19cc3-c9dc-4171-addb-2d281bf6e4c0", "historyId": "fb8c49e7101b0776de1d8868c6f933d3", "testCaseId": "fb8c49e7101b0776de1d8868c6f933d3", "fullName": "tests.test_build_config.TestBuildConfig#test_admin_create_build_type_in_foreign_project", "labels": [{"name": "epic", "value": "Build Configuration"}, {"name": "feature", "value": "Create Build Type"}, {"name": "story", "value": "Project Admin cannot create Build Type in another project"}, {"name": "tag", "value": "roles"}, {"name": "tag", "value": "negative"}, {"name": "tag", "value": "regression"}, {"name": "parentSuite", "value": "tests"}, {"name": "suite", "value": "test_build_config"}, {"name": "subSuite", "value": "TestBuildConfig"}, {"name": "host", "value": "MacBook-Air-Mihail.local"}, {"name": "thread", "value": "74621-MainThread"}, {"name": "framework", "value": "pytest"}, {"name": "language", "value": "cpython3"}, {"name": "package", "value": "tests.test_build_config"}]}