{"name": "test_create_build_type", "status": "failed", "statusDetails": {"message": "AssertionError: User creation failed\nassert 400 == 201\n +  where 400 = <Response [400]>.status_code", "trace": "self = <tests.test_build_config.TestBuildConfig object at 0x106d336a0>\n\n    @allure.story(\"User can create Build Type\")\n    @allure.description(\"User should be able to create build type\")\n    @pytest.mark.regression\n    @pytest.mark.positive\n    @pytest.mark.crud\n    def test_create_build_type(self):\n        with allure.step(\"Create user\"):\n            user_response = self.create_user(f\"user_{int(time.time())}\", \"pass123\")\n>           assert user_response.status_code == 201, \"User creation failed\"\nE           AssertionError: User creation failed\nE           assert 400 == 201\nE            +  where 400 = <Response [400]>.status_code\n\ntests/test_build_config.py:22: AssertionError"}, "description": "User should be able to create build type", "steps": [{"name": "Create user", "status": "failed", "statusDetails": {"message": "AssertionError: User creation failed\nassert 400 == 201\n +  where 400 = <Response [400]>.status_code\n", "trace": "  File \"/Users/mihailkulibaba/Desktop/work/side_task/wtf/M2_API/teamcity_api_tests/tests/test_build_config.py\", line 22, in test_create_build_type\n    assert user_response.status_code == 201, \"User creation failed\"\n"}, "start": 1740475122465, "stop": 1740475122541}], "attachments": [{"name": "stdout", "source": "5c2b9d59-c41e-4ac0-8a74-6055705b0608-attachment.txt", "type": "text/plain"}], "start": 1740475122465, "stop": 1740475122542, "uuid": "800c1f10-5654-4581-91cc-74d68242f779", "historyId": "6a40392c881f6d7333f6ce356278e379", "testCaseId": "6a40392c881f6d7333f6ce356278e379", "fullName": "tests.test_build_config.TestBuildConfig#test_create_build_type", "labels": [{"name": "feature", "value": "Create Build Type"}, {"name": "epic", "value": "Build Configuration"}, {"name": "story", "value": "User can create Build Type"}, {"name": "tag", "value": "crud"}, {"name": "tag", "value": "positive"}, {"name": "tag", "value": "regression"}, {"name": "parentSuite", "value": "tests"}, {"name": "suite", "value": "test_build_config"}, {"name": "subSuite", "value": "TestBuildConfig"}, {"name": "host", "value": "MacBook-Air-Mihail.local"}, {"name": "thread", "value": "61682-MainThread"}, {"name": "framework", "value": "pytest"}, {"name": "language", "value": "cpython3"}, {"name": "package", "value": "tests.test_build_config"}]}