{"name": "test_admin_create_build_type_in_foreign_project", "status": "failed", "statusDetails": {"message": "AssertionError: Expected 403, got 200: {\"id\":\"build_1740480907\",\"name\":\"Build build_1740480907\",\"projectName\":\"project1_1740480905\",\"projectId\":\"project1_1740480905\",\"href\":\"/app/rest/buildTypes/id:build_1740480907\",\"webUrl\":\"http://localhost:8111/buildConfiguration/build_1740480907?mode=builds\",\"project\":{\"id\":\"project1_1740480905\",\"name\":\"project1_1740480905\",\"parentProjectId\":\"_Root\",\"href\":\"/app/rest/projects/id:project1_1740480905\",\"webUrl\":\"http://localhost:8111/project.html?projectId=project1_1740480905\"},\"templates\":{\"count\":0,\"buildType\":[]},\"vcs-root-entries\":{\"count\":0,\"vcs-root-entry\":[]},\"settings\":{\"property\":[{\"name\":\"buildNumberCounter\",\"value\":\"1\"}],\"count\":1},\"parameters\":{\"property\":[],\"count\":0,\"href\":\"/app/rest/buildTypes/id:build_1740480907/parameters\"},\"steps\":{\"count\":0},\"features\":{\"count\":0},\"triggers\":{\"count\":0},\"snapshot-dependencies\":{\"count\":0},\"artifact-dependencies\":{\"count\":0},\"agent-requirements\":{\"count\":0},\"builds\":{\"href\":\"/app/rest/buildTypes/id:build_1740480907/builds/\"},\"investigations\":{\"href\":\"/app/rest/investigations?locator=buildType:(id:build_1740480907)\"},\"compatibleAgents\":{\"href\":\"/app/rest/agents?locator=compatible:(buildType:(id:build_1740480907))\"},\"compatibleCloudImages\":{}}\nassert 200 == 403\n +  where 200 = <Response [200]>.status_code", "trace": "self = <tests.test_build_config.TestBuildConfig object at 0x107043a90>\n\n    @allure.story(\"Project Admin cannot create Build Type in another project\")\n    @allure.description(\"Project admin should not be able to create build type for not their project\")\n    @pytest.mark.regression\n    @pytest.mark.negative\n    @pytest.mark.roles\n    def test_admin_create_build_type_in_foreign_project(self):\n        unique_time = int(time.time())\n        with allure.step(\"Create user1 (admin)\"):\n            admin1_response = self.create_user(f\"admin1_{unique_time}\", \"admin123\")\n            assert admin1_response.status_code == 200, f\"Admin1 creation failed: {admin1_response.text}\"\n            admin1_id = admin1_response.json()[\"id\"]\n            admin1_auth = self.specs.auth_spec(User(username=admin1_response.json()[\"username\"], password=\"admin123\"))\n    \n        with allure.step(\"Create project1 by admin\"):\n            project1_id = f\"project1_{unique_time}\"\n            project1_response = self.create_project(project1_id, self.auth_spec)\n            assert project1_response.status_code == 200, f\"Project1 creation failed: {project1_response.text}\"\n    \n        with allure.step(\"Grant user1 PROJECT_ADMIN role in project1\"):\n            role1_response = self.grant_role(admin1_id, project1_id, \"PROJECT_ADMIN\")\n            assert role1_response.status_code == 200, f\"Role assignment for user1 failed: {role1_response.text}\"\n    \n        with allure.step(\"Create user2\"):\n            admin2_response = self.create_user(f\"admin2_{unique_time + 1}\", \"admin456\")\n            assert admin2_response.status_code == 200, f\"Admin2 creation failed: {admin2_response.text}\"\n            admin2_id = admin2_response.json()[\"id\"]\n            admin2_auth = self.specs.auth_spec(User(username=admin2_response.json()[\"username\"], password=\"admin456\"))\n    \n        with allure.step(\"Create project2 by admin\"):\n            project2_id = f\"project2_{unique_time + 1}\"\n            project2_response = self.create_project(project2_id, self.auth_spec)\n            assert project2_response.status_code == 200, f\"Project2 creation failed: {project2_response.text}\"\n    \n        with allure.step(\"Grant user2 PROJECT_ADMIN role in project2\"):\n            role2_response = self.grant_role(admin2_id, project2_id, \"PROJECT_ADMIN\")\n            assert role2_response.status_code == 200, f\"Role assignment for user2 failed: {role2_response.text}\"\n    \n        with allure.step(\"Try to create build type in project1 by user2\"):\n            build_type_id = f\"build_{unique_time + 2}\"\n            build_response = self.create_build_type(build_type_id, project1_id, admin2_auth)\n>           assert build_response.status_code == 403, f\"Expected 403, got {build_response.status_code}: {build_response.text}\"\nE           AssertionError: Expected 403, got 200: {\"id\":\"build_1740480907\",\"name\":\"Build build_1740480907\",\"projectName\":\"project1_1740480905\",\"projectId\":\"project1_1740480905\",\"href\":\"/app/rest/buildTypes/id:build_1740480907\",\"webUrl\":\"http://localhost:8111/buildConfiguration/build_1740480907?mode=builds\",\"project\":{\"id\":\"project1_1740480905\",\"name\":\"project1_1740480905\",\"parentProjectId\":\"_Root\",\"href\":\"/app/rest/projects/id:project1_1740480905\",\"webUrl\":\"http://localhost:8111/project.html?projectId=project1_1740480905\"},\"templates\":{\"count\":0,\"buildType\":[]},\"vcs-root-entries\":{\"count\":0,\"vcs-root-entry\":[]},\"settings\":{\"property\":[{\"name\":\"buildNumberCounter\",\"value\":\"1\"}],\"count\":1},\"parameters\":{\"property\":[],\"count\":0,\"href\":\"/app/rest/buildTypes/id:build_1740480907/parameters\"},\"steps\":{\"count\":0},\"features\":{\"count\":0},\"triggers\":{\"count\":0},\"snapshot-dependencies\":{\"count\":0},\"artifact-dependencies\":{\"count\":0},\"agent-requirements\":{\"count\":0},\"builds\":{\"href\":\"/app/rest/buildTypes/id:build_1740480907/builds/\"},\"investigations\":{\"href\":\"/app/rest/investigations?locator=buildType:(id:build_1740480907)\"},\"compatibleAgents\":{\"href\":\"/app/rest/agents?locator=compatible:(buildType:(id:build_1740480907))\"},\"compatibleCloudImages\":{}}\nE           assert 200 == 403\nE            +  where 200 = <Response [200]>.status_code\n\ntests/test_build_config.py:139: AssertionError"}, "description": "Project admin should not be able to create build type for not their project", "steps": [{"name": "Create user1 (admin)", "status": "passed", "start": 1740480905858, "stop": 1740480905890}, {"name": "Create project1 by admin", "status": "passed", "start": 1740480905890, "stop": 1740480905913}, {"name": "Grant user1 PROJECT_ADMIN role in project1", "status": "passed", "start": 1740480905913, "stop": 1740480905934}, {"name": "Create user2", "status": "passed", "start": 1740480905934, "stop": 1740480905965}, {"name": "Create project2 by admin", "status": "passed", "start": 1740480905965, "stop": 1740480905990}, {"name": "Grant user2 PROJECT_ADMIN role in project2", "status": "passed", "start": 1740480905990, "stop": 1740480906012}, {"name": "Try to create build type in project1 by user2", "status": "failed", "statusDetails": {"message": "AssertionError: Expected 403, got 200: {\"id\":\"build_1740480907\",\"name\":\"Build build_1740480907\",\"projectName\":\"project1_1740480905\",\"projectId\":\"project1_1740480905\",\"href\":\"/app/rest/buildTypes/id:build_1740480907\",\"webUrl\":\"http://localhost:8111/buildConfiguration/build_1740480907?mode=builds\",\"project\":{\"id\":\"project1_1740480905\",\"name\":\"project1_1740480905\",\"parentProjectId\":\"_Root\",\"href\":\"/app/rest/projects/id:project1_1740480905\",\"webUrl\":\"http://localhost:8111/project.html?projectId=project1_1740480905\"},\"templates\":{\"count\":0,\"buildType\":[]},\"vcs-root-entries\":{\"count\":0,\"vcs-root-entry\":[]},\"settings\":{\"property\":[{\"name\":\"buildNumberCounter\",\"value\":\"1\"}],\"count\":1},\"parameters\":{\"property\":[],\"count\":0,\"href\":\"/app/rest/buildTypes/id:build_1740480907/parameters\"},\"steps\":{\"count\":0},\"features\":{\"count\":0},\"triggers\":{\"count\":0},\"snapshot-dependencies\":{\"count\":0},\"artifact-dependencies\":{\"count\":0},\"agent-requirements\":{\"count\":0},\"builds\":{\"href\":\"/app/rest/buildTypes/id:build_1740480907/builds/\"},\"investigations\":{\"href\":\"/app/rest/investigations?locator=buildType:(id:build_1740480907)\"},\"compatibleAgents\":{\"href\":\"/app/rest/agents?locator=compatible:(buildType:(id:build_1740480907))\"},\"compatibleCloudImages\":{}}\nassert 200 == 403\n +  where 200 = <Response [200]>.status_code\n", "trace": "  File \"/Users/mihailkulibaba/Desktop/work/side_task/wtf/M2_API/teamcity_api_tests/tests/test_build_config.py\", line 139, in test_admin_create_build_type_in_foreign_project\n    assert build_response.status_code == 403, f\"Expected 403, got {build_response.status_code}: {build_response.text}\"\n"}, "start": 1740480906012, "stop": 1740480906037}], "start": 1740480905858, "stop": 1740480906038, "uuid": "0fa8c314-58bb-4e80-86b4-c5372f5f7cfd", "historyId": "fb8c49e7101b0776de1d8868c6f933d3", "testCaseId": "fb8c49e7101b0776de1d8868c6f933d3", "fullName": "tests.test_build_config.TestBuildConfig#test_admin_create_build_type_in_foreign_project", "labels": [{"name": "epic", "value": "Build Configuration"}, {"name": "feature", "value": "Create Build Type"}, {"name": "story", "value": "Project Admin cannot create Build Type in another project"}, {"name": "tag", "value": "roles"}, {"name": "tag", "value": "negative"}, {"name": "tag", "value": "regression"}, {"name": "parentSuite", "value": "tests"}, {"name": "suite", "value": "test_build_config"}, {"name": "subSuite", "value": "TestBuildConfig"}, {"name": "host", "value": "MacBook-Air-Mihail.local"}, {"name": "thread", "value": "72451-MainThread"}, {"name": "framework", "value": "pytest"}, {"name": "language", "value": "cpython3"}, {"name": "package", "value": "tests.test_build_config"}]}