{"name": "test_create_build_type", "status": "failed", "statusDetails": {"message": "AssertionError: User creation failed\nassert 200 == 201\n +  where 200 = <Response [200]>.status_code", "trace": "self = <tests.test_build_config.TestBuildConfig object at 0x103527280>\n\n    @allure.story(\"User can create Build Type\")\n    @allure.description(\"User should be able to create build type\")\n    @pytest.mark.regression\n    @pytest.mark.positive\n    @pytest.mark.crud\n    def test_create_build_type(self):\n        with allure.step(\"Create user\"):\n            user_response = self.create_user(f\"user_{int(time.time())}\", \"pass123\")\n>           assert user_response.status_code == 201, \"User creation failed\"\nE           AssertionError: User creation failed\nE           assert 200 == 201\nE            +  where 200 = <Response [200]>.status_code\n\ntests/test_build_config.py:22: AssertionError"}, "description": "User should be able to create build type", "steps": [{"name": "Create user", "status": "failed", "statusDetails": {"message": "AssertionError: User creation failed\nassert 200 == 201\n +  where 200 = <Response [200]>.status_code\n", "trace": "  File \"/Users/mihailkulibaba/Desktop/work/side_task/wtf/M2_API/teamcity_api_tests/tests/test_build_config.py\", line 22, in test_create_build_type\n    assert user_response.status_code == 201, \"User creation failed\"\n"}, "start": 1740478903199, "stop": 1740478903395}], "start": 1740478903199, "stop": 1740478903395, "uuid": "da670b5a-4f32-480f-855e-4369f43c2f64", "historyId": "6a40392c881f6d7333f6ce356278e379", "testCaseId": "6a40392c881f6d7333f6ce356278e379", "fullName": "tests.test_build_config.TestBuildConfig#test_create_build_type", "labels": [{"name": "feature", "value": "Create Build Type"}, {"name": "story", "value": "User can create Build Type"}, {"name": "epic", "value": "Build Configuration"}, {"name": "tag", "value": "crud"}, {"name": "tag", "value": "positive"}, {"name": "tag", "value": "regression"}, {"name": "parentSuite", "value": "tests"}, {"name": "suite", "value": "test_build_config"}, {"name": "subSuite", "value": "TestBuildConfig"}, {"name": "host", "value": "MacBook-Air-Mihail.local"}, {"name": "thread", "value": "69798-MainThread"}, {"name": "framework", "value": "pytest"}, {"name": "language", "value": "cpython3"}, {"name": "package", "value": "tests.test_build_config"}]}