{"name": "test_admin_create_build_type_in_foreign_project", "status": "failed", "statusDetails": {"message": "AssertionError: Expected 403, got 200\nassert 200 == 403\n +  where 200 = <Response [200]>.status_code", "trace": "self = <tests.test_build_config.TestBuildConfig object at 0x104c93190>\n\n    @allure.story(\"Project Admin cannot create Build Type in another project\")\n    @allure.description(\"Project admin should not be able to create build type for not their project\")\n    @pytest.mark.regression\n    @pytest.mark.negative\n    @pytest.mark.roles\n    def test_admin_create_build_type_in_foreign_project(self):\n        with allure.step(\"Create user1 (admin)\"):\n            admin1_response = self.create_user(f\"admin1_{int(time.time())}\", \"admin123\")\n            assert admin1_response.status_code == 200, \"Admin1 creation failed\"\n            admin1_id = admin1_response.json()[\"id\"]\n            admin1_auth = self.specs.auth_spec(User(username=admin1_response.json()[\"username\"], password=\"admin123\"))\n    \n        with allure.step(\"Create project1 by admin\"):\n            project1_id = f\"project1_{int(time.time())}\"\n            project1_response = self.create_project(project1_id, self.auth_spec)\n            assert project1_response.status_code == 200, \"Project1 creation failed\"\n    \n        with allure.step(\"Grant user1 PROJECT_ADMIN role in project1\"):\n            role1_response = self.grant_role(admin1_id, project1_id, \"PROJECT_ADMIN\")\n            assert role1_response.status_code == 200, \"Role assignment for user1 failed\"\n    \n        with allure.step(\"Create user2\"):\n            admin2_response = self.create_user(f\"admin2_{int(time.time())}\", \"admin456\")\n            assert admin2_response.status_code == 200, \"Admin2 creation failed\"\n            admin2_id = admin2_response.json()[\"id\"]\n            admin2_auth = self.specs.auth_spec(User(username=admin2_response.json()[\"username\"], password=\"admin456\"))\n    \n        with allure.step(\"Create project2 by admin\"):\n            project2_id = f\"project2_{int(time.time())}\"\n            project2_response = self.create_project(project2_id, self.auth_spec)\n            assert project2_response.status_code == 200, \"Project2 creation failed\"\n    \n        with allure.step(\"Grant user2 PROJECT_ADMIN role in project2\"):\n            role2_response = self.grant_role(admin2_id, project2_id, \"PROJECT_ADMIN\")\n            assert role2_response.status_code == 200, \"Role assignment for user2 failed\"\n    \n        with allure.step(\"Try to create build type in project1 by user2\"):\n            build_type_id = f\"build_{int(time.time())}\"\n            build_response = self.create_build_type(build_type_id, project1_id, admin2_auth)\n>           assert build_response.status_code == 403, f\"Expected 403, got {build_response.status_code}\"\nE           AssertionError: Expected 403, got 200\nE           assert 200 == 403\nE            +  where 200 = <Response [200]>.status_code\n\ntests/test_build_config.py:136: AssertionError"}, "description": "Project admin should not be able to create build type for not their project", "steps": [{"name": "Create user1 (admin)", "status": "passed", "start": 1740480765937, "stop": 1740480765969}, {"name": "Create project1 by admin", "status": "passed", "start": 1740480765969, "stop": 1740480765999}, {"name": "Grant user1 PROJECT_ADMIN role in project1", "status": "passed", "start": 1740480765999, "stop": 1740480766030}, {"name": "Create user2", "status": "passed", "start": 1740480766030, "stop": 1740480766074}, {"name": "Create project2 by admin", "status": "passed", "start": 1740480766074, "stop": 1740480766104}, {"name": "Grant user2 PROJECT_ADMIN role in project2", "status": "passed", "start": 1740480766104, "stop": 1740480766128}, {"name": "Try to create build type in project1 by user2", "status": "failed", "statusDetails": {"message": "AssertionError: Expected 403, got 200\nassert 200 == 403\n +  where 200 = <Response [200]>.status_code\n", "trace": "  File \"/Users/mihailkulibaba/Desktop/work/side_task/wtf/M2_API/teamcity_api_tests/tests/test_build_config.py\", line 136, in test_admin_create_build_type_in_foreign_project\n    assert build_response.status_code == 403, f\"Expected 403, got {build_response.status_code}\"\n"}, "start": 1740480766128, "stop": 1740480766158}], "start": 1740480765937, "stop": 1740480766158, "uuid": "c94cde7a-052c-4837-a0a8-6bc9686693ae", "historyId": "fb8c49e7101b0776de1d8868c6f933d3", "testCaseId": "fb8c49e7101b0776de1d8868c6f933d3", "fullName": "tests.test_build_config.TestBuildConfig#test_admin_create_build_type_in_foreign_project", "labels": [{"name": "feature", "value": "Create Build Type"}, {"name": "story", "value": "Project Admin cannot create Build Type in another project"}, {"name": "epic", "value": "Build Configuration"}, {"name": "tag", "value": "roles"}, {"name": "tag", "value": "negative"}, {"name": "tag", "value": "regression"}, {"name": "parentSuite", "value": "tests"}, {"name": "suite", "value": "test_build_config"}, {"name": "subSuite", "value": "TestBuildConfig"}, {"name": "host", "value": "MacBook-Air-Mihail.local"}, {"name": "thread", "value": "72107-MainThread"}, {"name": "framework", "value": "pytest"}, {"name": "language", "value": "cpython3"}, {"name": "package", "value": "tests.test_build_config"}]}