{"name": "test_duplicate_build_type", "status": "failed", "statusDetails": {"message": "AssertionError: User creation failed\nassert 400 == 200\n +  where 400 = <Response [400]>.status_code", "trace": "self = <tests.test_build_config.TestBuildConfig object at 0x104c93310>\n\n    @allure.story(\"User cannot create duplicate Build Type IDs\")\n    @allure.description(\"User should not be able to create two build types with the same id\")\n    @pytest.mark.regression\n    @pytest.mark.negative\n    @pytest.mark.crud\n    def test_duplicate_build_type(self):\n        with allure.step(\"Create user\"):\n            user_response = self.create_user(f\"user_{int(time.time())}\", \"pass123\")\n>           assert user_response.status_code == 200, \"User creation failed\"\nE           AssertionError: User creation failed\nE           assert 400 == 200\nE            +  where 400 = <Response [400]>.status_code\n\ntests/test_build_config.py:49: AssertionError"}, "description": "User should not be able to create two build types with the same id", "steps": [{"name": "Create user", "status": "failed", "statusDetails": {"message": "AssertionError: User creation failed\nassert 400 == 200\n +  where 400 = <Response [400]>.status_code\n", "trace": "  File \"/Users/mihailkulibaba/Desktop/work/side_task/wtf/M2_API/teamcity_api_tests/tests/test_build_config.py\", line 49, in test_duplicate_build_type\n    assert user_response.status_code == 200, \"User creation failed\"\n"}, "start": 1740480765836, "stop": 1740480765857}], "start": 1740480765836, "stop": 1740480765857, "uuid": "21ffceac-1f27-4dbe-98fd-383ac56564c5", "historyId": "ff7d084782513ce7dc3df607ceebce54", "testCaseId": "ff7d084782513ce7dc3df607ceebce54", "fullName": "tests.test_build_config.TestBuildConfig#test_duplicate_build_type", "labels": [{"name": "feature", "value": "Create Build Type"}, {"name": "epic", "value": "Build Configuration"}, {"name": "story", "value": "User cannot create duplicate Build Type IDs"}, {"name": "tag", "value": "crud"}, {"name": "tag", "value": "negative"}, {"name": "tag", "value": "regression"}, {"name": "parentSuite", "value": "tests"}, {"name": "suite", "value": "test_build_config"}, {"name": "subSuite", "value": "TestBuildConfig"}, {"name": "host", "value": "MacBook-Air-Mihail.local"}, {"name": "thread", "value": "72107-MainThread"}, {"name": "framework", "value": "pytest"}, {"name": "language", "value": "cpython3"}, {"name": "package", "value": "tests.test_build_config"}]}