{"name": "test_admin_create_build_type", "status": "failed", "statusDetails": {"message": "AssertionError: Project creation failed\nassert 400 == 200\n +  where 400 = <Response [400]>.status_code", "trace": "self = <tests.test_build_config.TestBuildConfig object at 0x104c93490>\n\n    @allure.story(\"Project Admin can create Build Type\")\n    @allure.description(\"Project admin should be able to create build type for their project\")\n    @pytest.mark.regression\n    @pytest.mark.positive\n    @pytest.mark.roles\n    def test_admin_create_build_type(self):\n        with allure.step(\"Create user\"):\n            admin_response = self.create_user(f\"admin_{int(time.time())}\", \"admin123\")\n            assert admin_response.status_code == 200, \"Admin creation failed\"\n            admin_id = admin_response.json()[\"id\"]\n            admin_auth = self.specs.auth_spec(User(username=admin_response.json()[\"username\"], password=\"admin123\"))\n    \n        with allure.step(\"Create project by admin\"):\n            project_id = f\"project_{int(time.time())}\"\n            project_response = self.create_project(project_id, self.auth_spec)\n>           assert project_response.status_code == 200, \"Project creation failed\"\nE           AssertionError: Project creation failed\nE           assert 400 == 200\nE            +  where 400 = <Response [400]>.status_code\n\ntests/test_build_config.py:86: AssertionError"}, "description": "Project admin should be able to create build type for their project", "steps": [{"name": "Create user", "status": "passed", "start": 1740480765879, "stop": 1740480765913}, {"name": "Create project by admin", "status": "failed", "statusDetails": {"message": "AssertionError: Project creation failed\nassert 400 == 200\n +  where 400 = <Response [400]>.status_code\n", "trace": "  File \"/Users/mihailkulibaba/Desktop/work/side_task/wtf/M2_API/teamcity_api_tests/tests/test_build_config.py\", line 86, in test_admin_create_build_type\n    assert project_response.status_code == 200, \"Project creation failed\"\n"}, "start": 1740480765913, "stop": 1740480765931}], "start": 1740480765879, "stop": 1740480765931, "uuid": "d946e6ee-936e-4d83-80cd-8abb065b4daf", "historyId": "71b34dbb674e2c9ad44f228f13d12734", "testCaseId": "71b34dbb674e2c9ad44f228f13d12734", "fullName": "tests.test_build_config.TestBuildConfig#test_admin_create_build_type", "labels": [{"name": "feature", "value": "Create Build Type"}, {"name": "epic", "value": "Build Configuration"}, {"name": "story", "value": "Project Admin can create Build Type"}, {"name": "tag", "value": "roles"}, {"name": "tag", "value": "positive"}, {"name": "tag", "value": "regression"}, {"name": "parentSuite", "value": "tests"}, {"name": "suite", "value": "test_build_config"}, {"name": "subSuite", "value": "TestBuildConfig"}, {"name": "host", "value": "MacBook-Air-Mihail.local"}, {"name": "thread", "value": "72107-MainThread"}, {"name": "framework", "value": "pytest"}, {"name": "language", "value": "cpython3"}, {"name": "package", "value": "tests.test_build_config"}]}